2018-08-14 02:15:52.404        --- [http-nio-8080-exec-1] Processing file FakeSpreadsheetUserUpload.zip

2018-08-14 02:15:52.405        --- [http-nio-8080-exec-1] Starting unzip thread with name = Thread-28

2018-08-14 02:15:52.665        --- [           Thread-28] Starting row parsing thread with name = Thread-29

2018-08-14 02:15:52.673        --- [           Thread-29] Starting user insert thread with name = Thread-30

2018-08-14 02:15:52.674        --- [           Thread-30] Validating input.

2018-08-14 02:15:52.674        --- [           Thread-29] Starting user insert thread with name = Thread-31

2018-08-14 02:15:52.675        --- [           Thread-29] Starting user insert thread with name = Thread-32

2018-08-14 02:15:52.675        --- [           Thread-31] Validating input.

2018-08-14 02:15:52.675        --- [           Thread-29] Starting user insert thread with name = Thread-33

2018-08-14 02:15:52.676        --- [           Thread-32] Validating input.

2018-08-14 02:15:52.677        --- [           Thread-33] Validating input.

2018-08-14 02:15:52.677        --- [           Thread-29] Starting user insert thread with name = Thread-34

2018-08-14 02:15:52.679        --- [           Thread-29] Starting user insert thread with name = Thread-35

2018-08-14 02:15:52.680        --- [           Thread-34] Validating input.

2018-08-14 02:15:52.681        --- 2018-08-14 02:15:52.681  [           Thread-29] Starting use      --- [           Thread-35] Validating input.

r insert thread with name = Thread-36

2018-08-14 02:15:52.683        --- [           Thread-29] Starting user insert thread with name = Thread-37

2018-08-14 02:15:52.684        --- [           Thread-36] Validating input.

2018-08-14 02:15:52.684        --- [           Thread-29] Starting user insert thread with name = Thread-38

2018-08-14 02:15:52.685        --- [           Thread-37] Validating input.

2018-08-14 02:15:52.686        --- [           Thread-29] Starting user insert thread with name = Thread-39

2018-08-14 02:15:52.686        --- [           Thread-38] Validating input.

2018-08-14 02:15:52.687        --- [           Thread-29] Starting user insert thread with name = Thread-40

2018-08-14 02:15:52.687        --- [           Thread-39] Validating input.

2018-08-14 02:15:52.688        --- [           Thread-40] Validating input.

2018-08-14 02:15:52.687        --- [           Thread-29] Starting user insert thread with name = Thread-41

2018-08-14 02:15:52.688        --- [           Thread-29] Starting user insert thread with name = Thread-42

2018-08-14 02:15:52.690        --- [           Thread-41] Validating input.

2018-08-14 02:15:52.690        --- [           Thread-29] Starting user insert thread with name = Thread-43

2018-08-14 02:15:52.691        --- [           Thread-42] Validating input.

2018-08-14 02:15:52.691        --- [           Thread-29] Starting user insert thread with name = Thread-44

2018-08-14 02:15:52.691        --- [           Thread-43] Validating input.

2018-08-14 02:15:52.692        --- [           Thread-29] Starting user insert thread with name = Thread-45

2018-08-14 02:15:52.692        --- [           Thread-44] Validating input.

2018-08-14 02:15:52.693        --- [           Thread-29] Starting user insert thread with name = Thread-46

2018-08-14 02:15:52.693        --- [           Thread-45] Validating input.

2018-08-14 02:15:52.694        --- [           Thread-29] Starting user insert thread with name = Thread-47

2018-08-14 02:15:52.695        --- [           Thread-46] Validating input.

2018-08-14 02:15:52.696        --- [           Thread-29] Starting user insert thread with name = Thread-48

2018-08-14 02:15:52.699        --- [           Thread-29] Starting user insert thread with name = Thread-49

2018-08-14 02:15:52.699        --- [           Thread-48] Validating input.

2018-08-14 02:15:52.700        --- [           Thread-29] Starting user insert thread with name = Thread-50

2018-08-14 02:15:52.700        --- [           Thread-49] Validating input.

2018-08-14 02:15:52.700        --- [           Thread-29] Starting user insert thread with name = Thread-51

2018-08-14 02:15:52.701        --- [           Thread-50] Validating input.

2018-08-14 02:15:52.701        --- [           Thread-29] Starting user insert thread with name = Thread-52

2018-08-14 02:15:52.701        --- [           Thread-47] Validating input.

2018-08-14 02:15:52.701        --- [           Thread-51] Validating input.

2018-08-14 02:15:52.701  2018-08-14 02:15:52.701        ---       --- [           Thr[           Thread-29] Starting use2018-08-14 02:15:52.702        --- ead-52] Validating input.

[           Thread-28] Starting row parsing thread with name = Thread-53

r insert thread with name = Thread-54

2018-08-14 02:15:52.707        --- [           Thread-29] Starting user insert thread with name = Thread-55

2018-08-14 02:15:52.707        --- [           Thread-54] Validating input.

2018-08-14 02:15:52.709        --- [           Thread-29] Starting user insert thread with name = Thread-56

2018-08-14 02:15:52.709        --- [           Thread-55] Validating input.

2018-08-14 02:15:52.711        --- [           Thread-29] Starting user insert thread with name = Thread-57

2018-08-14 02:15:52.714        --- [           Thread-56] Validating input.

2018-08-14 02:15:52.717        --- [           Thread-29] Starting user insert thread with name = Thread-58

2018-08-14 02:15:52.718        --- [           Thread-57] Validating input.

2018-08-14 02:15:52.719        --- [           Thread-29] Starting user insert thread with name = Thread-59

2018-08-14 02:15:52.720        --- [           Thread-58] Validating input.

2018-08-14 02:15:52.725        --- [           Thread-29] Starting user insert thread with name = Thread-60

2018-08-14 02:15:52.728        --- [           Thread-59] Validating input.

2018-08-14 02:15:52.732        --- [           Thread-29] Starting user insert thread with name = Thread-61

2018-08-14 02:15:52.734        --- [           Thread-60] Validating input.

2018-08-14 02:15:52.739        --- 2018-08-14 02:15:52.743        --- [           Thread-59] Inserted new user with id=5b7273983af6b06985b62e0c

2018-08-14 02:15:52.743        --- [           Thread-57] Inserted new user with id=5b7273983af6b06985b62e06

2018-08-14 02:15:52.744        --- [           Thread-45] Inserted new user with id=5b7273983af6b06985b62e11

2018-08-14 02:15:52.744        --- [2018-08-14 02:15:52.744        --- [           Thread-51] Inserted new user with id=5b7273983af6b06985b62e0a

2018-08-14 02:15:52.744        --- [           Thread-60] Inserted new user with id=5b7273983af6b06985b62e0f

2018-08-14 02:15:52.744        --- [           Thread-36] Inserted new user with id=5b7273983af6b06985b62e0e

2018-08-14 02:15:52.744        --- [           Thread-44] Inserted new user with id=5b7273983af6b06985b62e13

2018-08-14 02:15:52.745        --- [           Thread-50] Inserted new u2018-08-14 02:15:52.745        --- [ser with id=5b7273983af6b06985b62e0d
           Thread-39] Inserted new user with id=5b7273983af6b06985b62e10

2018-08-14 02:15:52.745        --- [           Thread-38] Inserted new user with id=5b7273983af6b06985b62e14

2018-08-14 02:15:52.746        --- [           Thread-48] Inserted new user with id=5b7273983af6b06985b62e15

2018-08-14 02:15:52.746        --- [           Thread-32] Inserted new user with id=5b7273983af6b06985b62e09

2018-08-14 02:15:52.740        --- [           Thread-61] Validating input.
2018-08-14 02:15:52.746        --- [           Thread-46] Inserted new user with id=5b7273983af6b06985b62e12

2018-08-14 02:15:52.747        --- [           Thread-34] Inserted new user with id=5b7273983af6b06985b62dfd

2018-08-14 02:15:52.748        --- [           Thread-33] Inserted new user with id=5b7273983af6b06985b62dfc

2018-08-14 02:15:52.748        --- [2018-08-14 02:15:52.748        --- [           Thread-35] Inserted new user with id=5b7273983af6b06985b62e16

2018-08-14 02:15:52.748        --- [           Thread-41] Inserted new user with id=5b7273983af6b06985b62dfe

2018-08-14 02:15:52.748        --- [           Thread-52] Inserted new user with id=5b7273983af6b06985b62e00
2018-08-14 02:15:52.748        --- [
2018-08-14 02:15:52.748        --- [2018-08-14 02:15:52.748        --- [           Thread-58] Inserted new u2018-08-14 02:15:52.748        --- [ser with id=5b7273983af6b06985b62e08

2018-08-14 02:15:52.749        --- [           Thread-42] Inserted new user with id=5b7273983af6b06985b62e07

[           Thread-29] Starting user insert thread with name = Thread-62

           Thread-31] Inserted new u
ser with id=5b7273983af6b06985b62e05

2018-08-14 02:15:52.750        --- [           Thread-30] Inserted new user with id=5b7273983af6b06985b62e17

2018-08-14 02:15:52.750  
      --- [           Thr2018-08-14 02:15:52.749        --- [           Thread-56] Inserted new user with id=5b7273983af6b06985b62e02

2018-08-14 02:15:52.746        --- [           Thread-49] Inserted new u2018-08-14 02:15:52.749        --- ser with id=5b7273983af6b06985b62dfa

2018-08-14 02:15:52.749        --- [           Thread-40] Inserted new u           Thread-37] Inserted new u           Thread-47] Inserted new u           Thread-43] Inserted new u2018-08-14 02:15:52.748        --- [ser with id=5b7273983af6b06985b62e01
           Thread-54] Inserted new u
           Thread-55] Inserted new user with id=5b7273983af6b06985b62dff

ser with id=5b7273983af6b06985b62e0b

ser with id=5b7273983af6b06985b62e04
[           Thread-53] Starting use2018-08-14 02:15:52.750        --- r insert thread with name = Thread-63
ead-62] Validating input.

[           Thread-29] Starting user insert thread with name = Thread-64

ser with id=5b7273983af6b06985b62e03

2018-08-14 02:15:52.751        --- [           Thread-61] Inserted new user with id=5b7273983af6b06985b62e18

2018-08-14 02:15:52.751  ser with id=5b7273983af6b06985b62dfb



      --- [           Thread-63] Validating input.
2018-08-14 02:15:52.751        --- 
[           Thread-53] Starting user insert thread with name = Thread-65

2018-08-14 02:15:52.752        --- [           Thread-64] Validating input.

2018-08-14 02:15:52.752        --- [           Thread-53] Starting user insert thread with name = Thread-66

2018-08-14 02:15:52.752        --- [           Thr2018-08-14 02:15:52.753        --- [           Thread-53] Starting user insert thread with name = Thread-67

ead-65] Validating input.

2018-08-14 02:15:52.753        --- [           Thread-62] Inserted new user with id=5b7273983af6b06985b62e19

2018-08-14 02:15:52.753        --- [           Thread-66] Validating input.

2018-08-14 02:15:52.754        --- [2018-08-14 02:15:52.754        --- [           Thread-64] Inserted new user with id=5b7273983af6b06985b62e1b

           Thread-63] Inserted new user with id=5b7273983af6b06985b62e1a

2018-08-14 02:15:52.754        --- [           Thread-53] Starting user insert thread with name = Thread-68

2018-08-14 02:15:52.754        --- [           Thread-67] Validating input.

2018-08-14 02:15:52.755        --- [           Thread-65] Inserted new user with id=5b7273983af6b06985b62e1c

2018-08-14 02:15:52.755        --- [           Thread-53] Starting user insert thread with name = Thread-69

2018-08-14 02:15:52.755        --- 2018-08-14 02:15:52.755        --- [2018-08-14 02:15:52.755             Thread-66] Inserted new u2018-08-14 02:15:52.755        --- ser with id=5b7273983af6b06985b62e1d
      --- [           Thread-69] Validating input.

2018-08-14 02:15:52.755        --- [           Thread-68] Validating input.

[           Thread-29] Starting use
[           Thread-53] Starting user insert thread with name = Thread-71

2018-08-14 02:15:52.757        --- 2018-08-14 02:15:52.757        --- [[           Thread-53] Starting user insert thread with name = Thread-72

2018-08-14 02:15:52.757             Thread-67] Inserted new u2018-08-14 02:15:52.757        --- [      --- [           Thread-71] Validating input.

2018-08-14 02:15:52.757        --- [           Thread-68] Inserted new user with id=5b7273983af6b06985b62e20

2018-08-14 02:15:52.757        --- 2018-08-14 02:15:52.757  r insert thread with name = Thread-70
[           Thread-53] Starting useser with id=5b7273983af6b06985b62e1e


r insert thread with name = Thread-73
      --- [           Thr           Thread-69] Inserted new user with id=5b7273983af6b06985b62e1f
ead-72] Validating input.



2018-08-14 02:15:52.759        --- 2018-08-14 02:15:52.759  [           Thread-53] Starting use      --- [           Thrr insert thread with name = Thread-74
2018-08-14 02:15:52.759        --- [
           Thread-71] Inserted new uead-73] Validating input.
ser with id=5b7273983af6b06985b62e21


2018-08-14 02:15:52.759        --- [           Thread-53] Starting user insert thread with name = Thread-75

2018-08-14 02:15:52.759        --- [           Thread-74] Validating input.

2018-08-14 02:15:52.760        --- [           Thread-53] Starting use2018-08-14 02:15:52.760        --- [           Thread-75] Validating input.

2018-08-14 02:15:52.760        --- [           Thread-72] Inserted new user with id=5b7273983af6b06985b62e22

2018-08-14 02:15:52.760        --- 2018-08-14 02:15:52.760  2018-08-14 02:15:52.760        --- [      --- [           Thread-70] Validating input.

           Thread-73] Inserted new user with id=5b7273983af6b06985b62e23

r insert thread with name = Thread-76

2018-08-14 02:15:52.761        --- [           Thread-74] Inserted new user with id=5b7273983af6b06985b62e24

[           Thread-29] Starting user insert thread with name = Thread-77

2018-08-14 02:15:52.763        --- [           Thread-53] Starting user insert thread with name = Thread-78
2018-08-14 02:15:52.763        --- [
2018-08-14 02:15:52.763        --- [           Thread-70] Inserted new u           Thread-75] Inserted new user with id=5b7273983af6b06985b62e26
ser with id=5b7273983af6b06985b62e25


2018-08-14 02:15:52.763        --- [           Thread-53] Starting user insert thread with name = Thread-79

2018-08-14 02:15:52.763        --- [           Thr2018-08-14 02:15:52.763  ead-78] Validating input.
      --- [           Thr
ead-77] Validating input.

2018-08-14 02:15:52.764        --- [           Thread-53] Starting user insert thread with name = Thread-81

2018-08-14 02:15:52.764        --- [           Thread-79] Validating input.

2018-08-14 02:15:52.764        --- [           Thread-53] Starting user insert thread with name = Thread-82

2018-08-14 02:15:52.764        --- [           Thread-53] Starting user insert thread with name = Thread-83

2018-08-14 02:15:52.764        --- [           Thread-81] Validating input.

2018-08-14 02:15:52.765        --- [           Thr2018-08-14 02:15:52.765        --- [ead-82] Validating input.

2018-08-14 02:15:52.765        --- [           Thread-78] Inserted new user with id=5b7273983af6b06985b62e27

2018-08-14 02:15:52.765        --- [           Thread-53] Starting user insert thread with name = Thread-84

           Thread-77] Inserted new user with id=5b7273983af6b06985b62e28
2018-08-14 02:15:52.765  
      --- [           Thread-83] Validating input.

2018-08-14 02:15:52.766        --- [           Thread-79] Inserted new u2018-08-14 02:15:52.766        --- ser with id=5b7273983af6b06985b62e29

[           Thread-53] Starting use2018-08-14 02:15:52.766        --- [           Thread-81] Inserted new user with id=5b7273983af6b06985b62e2a

2018-08-14 02:15:52.766        --- [           Thread-84] Validating input.

r insert thread with name = Thread-85

2018-08-14 02:15:52.766        --- [           Thread-82] Inserted new user with id=5b7273983af6b06985b62e2b

2018-08-14 02:15:52.766        --- [           Thread-85] Validating input.

2018-08-14 02:15:52.766        --- [           Thread-53] Starting user insert thread with name = Thread-86

2018-08-14 02:15:52.767        --- [           Thread-53] Starting user insert thread with name = Thread-87

2018-08-14 02:15:52.767        --- [2018-08-14 02:15:52.767        --- [           Thread-86] Validating input.
           Thread-83] Inserted new user with id=5b7273983af6b06985b62e2c


2018-08-14 02:15:52.767        --- [           Thread-53] Starting user insert thread with name = Thread-88
2018-08-14 02:15:52.767  
      --- [           Thread-87] Validating input.

2018-08-14 02:15:52.768        --- [           Thread-85] Inserted new user with id=5b7273983af6b06985b62e2e
2018-08-14 02:15:52.768        --- [
           Thread-84] Inserted new user with id=5b7273983af6b06985b62e2d

2018-08-14 02:15:52.768        --- [           Thread-53] Starting user insert thread with name = Thread-89

2018-08-14 02:15:52.769        --- 2018-08-14 02:15:52.769  2018-08-14 02:15:52.769        --- [           Thr      --- [           Thr2018-08-14 02:15:52.769        --- [ead-89] Validating input.
           Thread-87] Inserted new u2018-08-14 02:15:52.769        --- [           Thread-86] Inserted new u[           Thread-53] Starting useser with id=5b7273983af6b06985b62e2f
r insert thread with name = Thread-90
ser with id=5b7273983af6b06985b62e30


ead-88] Validating input.



2018-08-14 02:15:52.770        --- 2018-08-14 02:15:52.770  [           Thread-53] Starting use      --- [           Thrr insert thread with name = Thread-91
ead-90] Validating input.


2018-08-14 02:15:52.771        --- [           Thread-89] Inserted new user with id=5b7273983af6b06985b62e31

2018-08-14 02:15:52.771        --- [2018-08-14 02:15:52.771        ---            Thread-88] Inserted new u[           Thread-53] Starting useser with id=5b7273983af6b06985b62e32
r insert thread with name = Thread-92


2018-08-14 02:15:52.771        --- [           Thread-91] Validating input.

2018-08-14 02:15:52.771        --- [           Thread-53] Starting user insert thread with name = Thread-93

2018-08-14 02:15:52.771        --- [           Thread-92] Validating input.

2018-08-14 02:15:52.772        --- [           Thread-53] Starting user insert thread with name = Thread-94

2018-08-14 02:15:52.772        --- [           Thread-93] Validating input.

2018-08-14 02:15:52.772        --- [           Thread-90] Inserted new user with id=5b7273983af6b06985b62e33

2018-08-14 02:15:52.772        --- [           Thread-53] Starting user insert thread with name = Thread-95

2018-08-14 02:15:52.773        --- [           Thread-94] Validating input.

2018-08-14 02:15:52.773        --- [           Thread-91] Inserted new u2018-08-14 02:15:52.773        --- [ser with id=5b7273983af6b06985b62e34
           Thread-92] Inserted new user with id=5b7273983af6b06985b62e35


2018-08-14 02:15:52.773  2018-08-14 02:15:52.773        ---       --- [           Thr[           Thread-53] Starting useead-95] Validating input.
r insert thread with name = Thread-96


2018-08-14 02:15:52.773        --- [           Thread-93] Inserted new user with id=5b7273983af6b06985b62e36

2018-08-14 02:15:52.774        --- [           Thread-53] Starting user insert thread with name = Thread-97

2018-08-14 02:15:52.774        --- [           Thread-96] Validating input.

2018-08-14 02:15:52.774        --- [           Thread-53] Starting user insert thread with name = Thread-98
2018-08-14 02:15:52.774  
      --- [           Thread-97] Validating input.

2018-08-14 02:15:52.774        --- [           Thread-94] Inserted new user with id=5b7273983af6b06985b62e37

2018-08-14 02:15:52.774        --- [           Thread-95] Inserted new user with id=5b7273983af6b06985b62e38

2018-08-14 02:15:52.775        --- 2018-08-14 02:15:52.775  [           Thread-53] Starting user insert thread with name = Thread-99

      --- [           Thread-98] Validating input.

2018-08-14 02:15:52.775        --- [           Thread-76] Validating input.

2018-08-14 02:15:52.775        --- [           Thread-96] Inserted new user with id=5b7273983af6b06985b62e39

2018-08-14 02:15:52.776        --- [2018-08-14 02:15:52.775        --- [           Thread-53] Starting user insert thread with name = Thread-100

           Thread-97] Inserted new user with id=5b7273983af6b06985b62e3a

2018-08-14 02:15:52.776        --- [           Thread-99] Validating input.

2018-08-14 02:15:52.776        --- [           Thread-53] Starting user insert thread with name = Thread-101

2018-08-14 02:15:52.776        --- [          Thread-100] Validating input.

2018-08-14 02:15:52.776        --- [           Thread-76] Inserted new user with id=5b7273983af6b06985b62e3c

2018-08-14 02:15:52.777        --- [           Thread-98] Inserted new user with id=5b7273983af6b06985b62e3b

2018-08-14 02:15:52.777        --- [           Thread-53] Starting user insert thread with name = Thread-102

2018-08-14 02:15:52.778        --- [           Thread-99] Inserted new user with id=5b7273983af6b06985b62e3d

2018-08-14 02:15:52.777        --- [          Thread-101] Validating input.

2018-08-14 02:15:52.778        --- [          Thread-100] Inserted new user with id=5b7273983af6b06985b62e3e

2018-08-14 02:15:52.778        --- [           Thread-53] Starting user insert thread with name = Thread-103

2018-08-14 02:15:52.778        --- [          Thread-102] Validating input.

2018-08-14 02:15:52.779        --- [           Thread-53] Starting user 2018-08-14 02:15:52.779  insert thread with name = Thread-104
      --- [          Thre
ad-103] Validating input.

2018-08-14 02:15:52.779        --- [           Thread-53] Starting user insert thread with name = Thread-105

2018-08-14 02:15:52.779        --- [          Thread-104] Validating input.

2018-08-14 02:15:52.780        --- [          Thread-101] Inserted new user with id=5b7273983af6b06985b62e3f

2018-08-14 02:15:52.780        --- [          Thread-102] Inserted new user with id=5b7273983af6b06985b62e40

2018-08-14 02:15:52.780        --- [           Thread-53] Starting user insert thread with name = Thread-106

2018-08-14 02:15:52.780        --- [          Thread-103] Inserted new user with id=5b7273983af6b06985b62e41

2018-08-14 02:15:52.781        --- [          Thread-105] Validating input.

2018-08-14 02:15:52.781        --- [           Thread-53] Starting user 2018-08-14 02:15:52.781  insert thread with name = Thread-107
      --- [          Thre
ad-106] Validating input.

2018-08-14 02:15:52.781        --- [          Thread-104] Inserted new user with id=5b7273983af6b06985b62e42

2018-08-14 02:15:52.782        --- [           Thread-53] Starting user insert thread with name = Thread-108

2018-08-14 02:15:52.782        --- [          Thread-107] Validating input.

2018-08-14 02:15:52.782        --- [           Thread-53] Starting user insert thread with name = Thread-109

2018-08-14 02:15:52.782        --- [          Thread-108] Validating input.

2018-08-14 02:15:52.782        --- [          Thread-105] Inserted new user with id=5b7273983af6b06985b62e43

2018-08-14 02:15:52.782        --- [          Thread-106] Inserted new user with id=5b7273983af6b06985b62e44
2018-08-14 02:15:52.783        --- [
2018-08-14 02:15:52.778        ---            Thread-53] Starting user insert thread with name = Thread-110

2018-08-14 02:15:52.783        --- [          Thread-109] Validating input.

2018-08-14 02:15:52.783        --- [           Thread-53] Starting user insert thread with name = Thread-111

2018-08-14 02:15:52.783        --- [2018-08-14 02:15:52.783  2018-08-14 02:15:52.783        --- [          Thread-107] Inserted new u          Thread-108] Inserted new u      --- [          Thread-110] Validating input.

2018-08-14 02:15:52.784        --- [           Thread-53] Starting user ser with id=5b7273983af6b06985b62e46
[           Thread-29] Starting useinsert thread with name = Thread-112
r insert thread with name = Thread-80
ser with id=5b7273983af6b06985b62e45




2018-08-14 02:15:52.784        --- [          Thread-111] Validating input.

2018-08-14 02:15:52.784        --- [          Thread-109] Inserted new user with id=5b7273983af6b06985b62e47

2018-08-14 02:15:52.785        --- [          Thread-112] Validating input.

2018-08-14 02:15:52.785        --- [          Thread-110] Inserted new user with id=5b7273983af6b06985b62e48

2018-08-14 02:15:52.785        --- [           Thread-53] Starting user insert thread with name = Thread-113

2018-08-14 02:15:52.786        --- [           Thread-53] Starting user insert thread with name = Thread-114

2018-08-14 02:15:52.786        --- [          Thread-111] Inserted new user with id=5b7273983af6b06985b62e49

2018-08-14 02:15:52.786        --- [          Thread-113] Validating input.

2018-08-14 02:15:52.786  2018-08-14 02:15:52.786        --- [      --- [          Thread-114] Validating input.
           Thread-53] Starting user 
insert thread with name = Thread-115

2018-08-14 02:15:52.787        --- [          Thread-112] Inserted new user with id=5b7273983af6b06985b62e4a

2018-08-14 02:15:52.787  2018-08-14 02:15:52.787        --- [      --- [          Thre           Thread-53] Starting user ad-115] Validating input.

insert thread with name = Thread-116

2018-08-14 02:15:52.787        --- [          Thread-113] Inserted new user with id=5b7273983af6b06985b62e4b

2018-08-14 02:15:52.788        --- [2018-08-14 02:15:52.788        --- [           Thread-53] Starting user insert thread with name = Thread-117
          Thread-114] Inserted new user with id=5b7273983af6b06985b62e4c

2018-08-14 02:15:52.788        --- [          Thre
ad-116] Validating input.

2018-08-14 02:15:52.788        --- [           Thread-80] Validating input.

2018-08-14 02:15:52.788        --- [           Thread-53] Starting user 2018-08-14 02:15:52.788        --- [          Thread-115] Inserted new user with id=5b7273983af6b06985b62e4d

insert thread with name = Thread-118

2018-08-14 02:15:52.788        --- [          Thre2018-08-14 02:15:52.789        --- [ad-117] Validating input.
           Thread-53] Starting user insert thread with name = Thread-119

2018-08-14 02:15:52.789  
      --- [          Thre2018-08-14 02:15:52.789        --- [           Thread-53] Starting user insert thread with name = Thread-121

ad-118] Validating input.
2018-08-14 02:15:52.789        --- [2018-08-14 02:15:52.789  2018-08-14 02:15:52.790        --- [           Thread-53] Starting user insert thread with name = Thread-122

2018-08-14 02:15:52.790        --- [      --- [          Thre2018-08-14 02:15:52.790            Thread-116] Inserted new u      --- [          Thread-119] Validating input.


2018-08-14 02:15:52.790  2018-08-14 02:15:52.790        --- [      --- [          Thread-122] Validating input.

           Thread-80] Inserted new u2018-08-14 02:15:52.790        --- [          Thread-117] Inserted new user with id=5b7273983af6b06985b62e50

ser with id=5b7273983af6b06985b62e4e

ad-121] Validating input.
ser with id=5b7273983af6b06985b62e4f

           Thread-53] Starting user insert thread with name = Thread-123


2018-08-14 02:15:52.791        --- [           Thread-53] Starting user insert thread with name = Thread-124

2018-08-14 02:15:52.791        --- [          Thread-118] Inserted new user with id=5b7273983af6b06985b62e51

2018-08-14 02:15:52.791        --- [          Thread-119] Inserted new user with id=5b7273983af6b06985b62e52

2018-08-14 02:15:52.791        --- [          Thread-123] Validating input.

2018-08-14 02:15:52.791        --- [          Thread-122] Inserted new user with id=5b7273983af6b06985b62e53

2018-08-14 02:15:52.792        --- [          Thread-121] Inserted new user with id=5b7273983af6b06985b62e54

2018-08-14 02:15:52.792        --- [           Thread-53] Starting user insert thread with name = Thread-125

2018-08-14 02:15:52.792        --- [          Thread-124] Validating input.

2018-08-14 02:15:52.792        --- [           Thread-53] Starting user insert thread with name = Thread-126
2018-08-14 02:15:52.792  
      --- [          Thread-125] Validating input.

2018-08-14 02:15:52.793        --- [           Thread-53] Starting user insert thread with name = Thread-127

2018-08-14 02:15:52.793        --- [          Thread-123] Inserted new user with id=5b7273983af6b06985b62e55

2018-08-14 02:15:52.793        --- [          Thread-126] Validating input.

2018-08-14 02:15:52.794        --- [          Thread-124] Inserted new user with id=5b7273983af6b06985b62e56

2018-08-14 02:15:52.789        --- [           Thread-29] Starting user insert thread with name = Thread-120

2018-08-14 02:15:52.794        --- [           Thread-53] Starting user 2018-08-14 02:15:52.794        --- [insert thread with name = Thread-128

2018-08-14 02:15:52.795        --- [          Thre          Thread-125] Inserted new uad-127] Validating input.

ser with id=5b7273983af6b06985b62e57

2018-08-14 02:15:52.795  2018-08-14 02:15:52.795        --- [      --- [          Thread-128] Validating input.

           Thread-53] Starting user insert thread with name = Thread-129

2018-08-14 02:15:52.795        --- [          Thread-126] Inserted new user with id=5b7273983af6b06985b62e58

2018-08-14 02:15:52.795        --- [           Thread-53] Starting user insert thread with name = Thread-130

2018-08-14 02:15:52.796        --- [          Thread-120] Validating input.

2018-08-14 02:15:52.796        --- [          Thread-129] Validating input.
2018-08-14 02:15:52.796        --- [
2018-08-14 02:15:52.796        --- [2018-08-14 02:15:52.796        --- [          Thread-127] Inserted new user with id=5b7273983af6b06985b62e59

2018-08-14 02:15:52.796             Thread-53] Starting user       --- [          Thread-130] Validating input.

          Thread-128] Inserted new uinsert thread with name = Thread-131
ser with id=5b7273983af6b06985b62e5a


2018-08-14 02:15:52.797        --- [          Thread-120] Inserted new u2018-08-14 02:15:52.797        --- [ser with id=5b7273983af6b06985b62e5b

2018-08-14 02:15:52.797             Thread-53] Starting user insert thread with name = Thread-132

      --- [          Thread-131] Validating input.

2018-08-14 02:15:52.797        --- [          Thread-129] Inserted new user with id=5b7273983af6b06985b62e5c

2018-08-14 02:15:52.798        --- [          Thread-130] Inserted new user with id=5b7273983af6b06985b62e5d

2018-08-14 02:15:52.798        --- [          Thread-132] Validating input.

2018-08-14 02:15:52.798        --- [           Thread-53] Starting user insert thread with name = Thread-134

2018-08-14 02:15:52.798        --- [2018-08-14 02:15:52.798             Thread-53] Starting user insert thread with name = Thread-135

2018-08-14 02:15:52.798        --- [2018-08-14 02:15:52.798        --- [      --- [          Thread-134] Validating input.

          Thread-131] Inserted new user with id=5b7273983af6b06985b62e5e

2018-08-14 02:15:52.799        --- [          Thread-135] Validating input.
           Thread-29] Starting user 
2018-08-14 02:15:52.799        --- [           Thread-53] Starting user insert thread with name = Thread-136

2018-08-14 02:15:52.799        --- [          Thread-132] Inserted new user with id=5b7273983af6b06985b62e5f
2018-08-14 02:15:52.799        --- [
           Thread-53] Starting user insert thread with name = Thread-137

2018-08-14 02:15:52.799        --- [          Thread-136] Validating input.

2018-08-14 02:15:52.800        --- [           Thread-53] Starting user insert thread with name = Thread-138

2018-08-14 02:15:52.800        --- [          Thread-137] Validating input.

2018-08-14 02:15:52.800        --- [          Thread-134] Inserted new user with id=5b7273983af6b06985b62e60

2018-08-14 02:15:52.800        --- [          Thread-135] Inserted new user with id=5b7273983af6b06985b62e61

2018-08-14 02:15:52.800        --- [          Thread-138] Validating input.

2018-08-14 02:15:52.801        --- [          Thread-137] Inserted new user with id=5b7273983af6b06985b62e62

insert thread with name = Thread-133
2018-08-14 02:15:52.801        --- [          Thread-136] Inserted new user with id=5b7273983af6b06985b62e63

2018-08-14 02:15:52.800        --- [           Thread-53] Starting user insert thread with name = Thread-139


2018-08-14 02:15:52.802        --- [          Thread-139] Validating input.

2018-08-14 02:15:52.802        --- [           Thread-53] Starting user insert thread with name = Thread-140

2018-08-14 02:15:52.802        --- [          Thread-133] Validating input.

2018-08-14 02:15:52.802        --- [          Thread-138] Inserted new user with id=5b7273983af6b06985b62e64

2018-08-14 02:15:52.803        --- [           Thread-53] Starting user insert thread with name = Thread-141

2018-08-14 02:15:52.803        --- [          Thread-140] Validating input.

2018-08-14 02:15:52.803  2018-08-14 02:15:52.803        --- [      --- [          Thread-141] Validating input.

           Thread-53] Starting user insert thread with name = Thread-142

2018-08-14 02:15:52.804        --- [          Thread-139] Inserted new user with id=5b7273983af6b06985b62e65

2018-08-14 02:15:52.804        --- [2018-08-14 02:15:52.804        --- [          Thread-133] Inserted new u          Thread-140] Inserted new user with id=5b7273983af6b06985b62e67

2018-08-14 02:15:52.804        --- [           Thread-53] Starting user 2018-08-14 02:15:52.804  insert thread with name = Thread-143
      --- [          Thre2018-08-14 02:15:52.804        --- [ad-142] Validating input.
ser with id=5b7273983af6b06985b62e66


          Thread-141] Inserted new u
ser with id=5b7273983af6b06985b62e68

2018-08-14 02:15:52.805        --- [           Thread-29] Starting user insert thread with name = Thread-144

2018-08-14 02:15:52.805        --- [2018-08-14 02:15:52.805             Thread-53] Starting user       --- [          Threinsert thread with name = Thread-145
ad-143] Validating input.


2018-08-14 02:15:52.805        --- [          Thread-144] Validating input.
2018-08-14 02:15:52.806        --- [
2018-08-14 02:15:52.806        --- [          Thread-145] Validating input.

           Thread-53] Starting user insert thread with name = Thread-146

2018-08-14 02:15:52.806        --- [          Thread-142] Inserted new user with id=5b7273983af6b06985b62e69

2018-08-14 02:15:52.806        --- [           Thread-53] Starting user insert thread with name = Thread-147

2018-08-14 02:15:52.806  2018-08-14 02:15:52.806        --- [      --- [          Thread-146] Validating input.
          Thread-143] Inserted new u
2018-08-14 02:15:52.807        --- [           Thread-53] Starting user insert thread with name = Thread-148

2018-08-14 02:15:52.807        --- [          Thread-144] Inserted new user with id=5b7273983af6b06985b62e6b

ser with id=5b7273983af6b06985b62e6a

2018-08-14 02:15:52.807        --- [2018-08-14 02:15:52.807        --- [          Thread-147] Validating input.

2018-08-14 02:15:52.807        --- [2018-08-14 02:15:52.807             Thread-53] Starting user insert thread with name = Thread-149

          Thread-145] Inserted new u      --- [          Threser with id=5b7273983af6b06985b62e6c
ad-148] Validating input.

2018-08-14 02:15:52.808        --- [           Thread-53] Starting user insert thread with name = Thread-150

2018-08-14 02:15:52.808        --- [          Thread-146] Inserted new user with id=5b7273983af6b06985b62e6d


2018-08-14 02:15:52.808        --- [          Thread-149] Validating input.

2018-08-14 02:15:52.808        --- [           Thread-53] Starting user insert thread with name = Thread-151

2018-08-14 02:15:52.808        --- [          Thread-147] Inserted new user with id=5b7273983af6b06985b62e6e

2018-08-14 02:15:52.808        --- [          Thread-150] Validating input.

2018-08-14 02:15:52.809        --- [          Thread-148] Inserted new user with id=5b7273983af6b06985b62e6f

2018-08-14 02:15:52.810        --- [           Thread-53] Starting user insert thread with name = Thread-152
2018-08-14 02:15:52.810  
      --- [          Thread-151] Validating input.

2018-08-14 02:15:52.810        --- [          Thread-149] Inserted new user with id=5b7273983af6b06985b62e70

2018-08-14 02:15:52.810        --- [           Thread-53] Starting user insert thread with name = Thread-153

2018-08-14 02:15:52.810        --- [          Thread-150] Inserted new user with id=5b7273983af6b06985b62e71
2018-08-14 02:15:52.810  
      --- [          Thread-152] Validating input.

2018-08-14 02:15:52.811        --- [          Thre2018-08-14 02:15:52.811        --- [ad-153] Validating input.

           Thread-53] Starting user insert thread with name = Thread-154

2018-08-14 02:15:52.811        --- [          Thread-151] Inserted new user with id=5b7273983af6b06985b62e72

2018-08-14 02:15:52.811        --- [           Thread-53] Starting user insert thread with name = Thread-155

2018-08-14 02:15:52.812        --- [          Thread-154] Validating input.

2018-08-14 02:15:52.812        --- [           Thread-53] Starting user insert thread with name = Thread-157

2018-08-14 02:15:52.812        --- [          Thread-155] Validating input.

2018-08-14 02:15:52.812        --- [          Thread-152] Inserted new user with id=5b7273983af6b06985b62e73

2018-08-14 02:15:52.812        --- [          Thread-153] Inserted new user with id=5b7273983af6b06985b62e74

2018-08-14 02:15:52.813        --- [           Thread-53] Starting user insert thread with name = Thread-158

2018-08-14 02:15:52.813        --- [          Thread-157] Validating input.

2018-08-14 02:15:52.813        --- [          Thread-154] Inserted new u2018-08-14 02:15:52.813        --- [ser with id=5b7273983af6b06985b62e75
           Thread-53] Starting user 2018-08-14 02:15:52.813  insert thread with name = Thread-159
      --- [          Thre2018-08-14 02:15:52.813        --- [ad-158] Validating input.



          Thread-155] Inserted new user with id=5b7273983af6b06985b62e76

2018-08-14 02:15:52.814        --- [           Thread-53] Starting user insert thread with name = Thread-160

2018-08-14 02:15:52.814        --- [          Thread-159] Validating input.

2018-08-14 02:15:52.814        --- [          Thread-157] Inserted new user with id=5b7273983af6b06985b62e77

2018-08-14 02:15:52.814        --- [          Thread-160] Validating input.

2018-08-14 02:15:52.814        --- [           Thread-53] Starting user insert thread with name = Thread-161

2018-08-14 02:15:52.815        --- [          Thread-158] Inserted new user with id=5b7273983af6b06985b62e78

2018-08-14 02:15:52.815        --- [           Thread-53] Starting user insert thread with name = Thread-162

2018-08-14 02:15:52.813        --- [           Thread-29] Starting user 2018-08-14 02:15:52.816  insert thread with name = Thread-156
      --- [          Thre2018-08-14 02:15:52.816        --- [2018-08-14 02:15:52.815  ad-162] Validating input.
      --- [          Thre
           Thread-53] Starting user insert thread with name = Thread-163

2018-08-14 02:15:52.816        --- [
          Thread-159] Inserted new user with id=5b7273983af6b06985b62e79

ad-161] Validating input.

2018-08-14 02:15:52.816        --- [          Thread-163] Validating input.

2018-08-14 02:15:52.816        --- [           Thread-53] Starting user insert thread with name = Thread-164

2018-08-14 02:15:52.817        --- [           Thread-53] Starting user insert thread with name = Thread-165

2018-08-14 02:15:52.817        --- [          Thread-164] Validating input.

2018-08-14 02:15:52.818        --- [           Thread-53] Starting user insert thread with name = Thread-166
2018-08-14 02:15:52.818  
      --- [          Thread-165] Validating input.

2018-08-14 02:15:52.818        --- [          Thread-156] Validating input.

2018-08-14 02:15:52.818        --- [           Thread-53] Starting user insert thread with name = Thread-167

2018-08-14 02:15:52.818        --- [          Thread-166] Validating input.

2018-08-14 02:15:52.818        --- [           Thread-29] Starting user insert thread with name = Thread-168

2018-08-14 02:15:52.819        --- [2018-08-14 02:15:52.819             Thread-53] Starting user       --- [          Threinsert thread with name = Thread-169
ad-167] Validating input.


2018-08-14 02:15:52.819        --- [          Thread-168] Validating input.

2018-08-14 02:15:52.819        --- [           Thread-53] Starting user insert thread with name = Thread-170

2018-08-14 02:15:52.819        --- [          Thread-169] Validating input.

2018-08-14 02:15:52.819        --- [           Thread-53] Starting user 2018-08-14 02:15:52.819        --- [          Thread-170] Validating input.

2018-08-14 02:15:52.821        --- [          Thread-169] Inserted new user with id=5b7273983af6b06985b62e80

2018-08-14 02:15:52.821        --- [          Thread-168] Inserted new user with id=5b7273983af6b06985b62e7f

2018-08-14 02:15:52.821        --- [          Thread-167] Inserted new user with id=5b7273983af6b06985b62e7e

2018-08-14 02:15:52.822        --- [          Thread-170] Inserted new user with id=5b7273983af6b06985b62e81

2018-08-14 02:15:52.822        --- [2018-08-14 02:15:52.822        --- [          Thread-156] Inserted new user with id=5b7273983af6b06985b62e7b

2018-08-14 02:15:52.822        --- [2018-08-14 02:15:52.822        --- [          Thread-164] Inserted new u2018-08-14 02:15:52.822        --- [ser with id=5b7273983af6b06985b62e83
          Thread-165] Inserted new user with id=5b7273983af6b06985b62e82

2018-08-14 02:15:52.819        --- [           Thread-29] Starting user insert thread with name = Thread-172


          Thread-166] Inserted new uinsert thread with name = Thread-171
          Thread-160] Inserted new u
2018-08-14 02:15:52.823        --- [ser with id=5b7273983af6b06985b62e7d

          Thread-161] Inserted new user with id=5b7273983af6b06985b62e7a
ser with id=5b7273983af6b06985b62e7c


2018-08-14 02:15:52.823        --- [          Thread-163] Inserted new user with id=5b7273983af6b06985b62e84

2018-08-14 02:15:52.823        --- [          Thread-162] Inserted new user with id=5b7273983af6b06985b62e85

2018-08-14 02:15:52.823        --- [          Thre2018-08-14 02:15:52.823  ad-171] Validating input.
      --- [          Thre
2018-08-14 02:15:52.823        --- [ad-172] Validating input.
           Thread-29] Starting user 
insert thread with name = Thread-173

2018-08-14 02:15:52.823        --- [           Thread-28] Starting row parsing thread with name = Thread-174

2018-08-14 02:15:52.824        --- [          Thread-173] Validating input.

2018-08-14 02:15:52.825        --- [2018-08-14 02:15:52.824        --- [2018-08-14 02:15:52.825        --- [          Thread-172] Inserted new user with id=5b7273983af6b06985b62e87

          Thread-171] Inserted new user with id=5b7273983af6b06985b62e86

           Thread-29] Starting user insert thread with name = Thread-175

2018-08-14 02:15:52.825        --- [          Thread-173] Inserted new user with id=5b7273983af6b06985b62e88

2018-08-14 02:15:52.825        --- [          Thread-175] Validating input.

2018-08-14 02:15:52.826        --- [           Thread-29] Starting user insert thread with name = Thread-176

2018-08-14 02:15:52.826        --- [          Thre2018-08-14 02:15:52.826        --- [ad-176] Validating input.

           Thread-29] Starting user insert thread with name = Thread-177

2018-08-14 02:15:52.827        --- [          Thread-174] Starting user insert thread with name = Thread-178

2018-08-14 02:15:52.827        --- [          Thread-175] Inserted new user with id=5b7273983af6b06985b62e89
2018-08-14 02:15:52.827  
2018-08-14 02:15:52.827        --- [          Thread-174] Starting user       --- [          Threinsert thread with name = Thread-179
2018-08-14 02:15:52.827        --- [          Thre
ad-178] Validating input.
ad-177] Validating input.


2018-08-14 02:15:52.828        --- [          Thread-176] Inserted new user with id=5b7273983af6b06985b62e8a

2018-08-14 02:15:52.828        --- [          Thread-174] Starting user insert thread with name = Thread-180

2018-08-14 02:15:52.828        --- [          Thread-179] Validating input.

2018-08-14 02:15:52.829        --- [          Thread-174] Starting user insert thread with name = Thread-181

2018-08-14 02:15:52.829        --- [          Thread-180] Validating input.

2018-08-14 02:15:52.829        --- [          Thread-177] Inserted new user with id=5b7273983af6b06985b62e8c
2018-08-14 02:15:52.829        --- [
          Thread-178] Inserted new user with id=5b7273983af6b06985b62e8b

2018-08-14 02:15:52.830        --- [          Thread-181] Validating input.

2018-08-14 02:15:52.829        --- [          Thread-174] Starting user insert thread with name = Thread-182

2018-08-14 02:15:52.830        --- [          Thread-179] Inserted new user with id=5b7273983af6b06985b62e8d

2018-08-14 02:15:52.830        --- [          Thread-180] Inserted new user with id=5b7273983af6b06985b62e8e

2018-08-14 02:15:52.830        --- [          Thread-174] Starting user 2018-08-14 02:15:52.830  insert thread with name = Thread-183
      --- [          Thre
2018-08-14 02:15:52.830        --- [ad-182] Validating input.

2018-08-14 02:15:52.831        --- [2018-08-14 02:15:52.831        --- [           Thread-29] Starting user           Thread-181] Inserted new uinsert thread with name = Thread-184

ser with id=5b7273983af6b06985b62e8f
          Thread-174] Starting user 
2018-08-14 02:15:52.831        --- [          Threinsert thread with name = Thread-185
ad-183] Validating input.


2018-08-14 02:15:52.831        --- [          Thread-185] Validating input.

2018-08-14 02:15:52.831        --- [          Thread-174] Starting user insert thread with name = Thread-186

2018-08-14 02:15:52.832        --- [          Thread-174] Starting user 2018-08-14 02:15:52.832        --- [insert thread with name = Thread-187

          Thread-182] Inserted new user with id=5b7273983af6b06985b62e90
2018-08-14 02:15:52.832  
      --- [          Thread-186] Validating input.

2018-08-14 02:15:52.832        --- [          Thread-183] Inserted new user with id=5b7273983af6b06985b62e91

2018-08-14 02:15:52.833        --- [          Thread-174] Starting user insert thread with name = Thread-188

2018-08-14 02:15:52.833        --- [          Thread-185] Inserted new user with id=5b7273983af6b06985b62e92

2018-08-14 02:15:52.833        --- [          Thread-187] Validating input.

2018-08-14 02:15:52.833        --- [          Thread-174] Starting user insert thread with name = Thread-189

2018-08-14 02:15:52.834        --- [          Thread-188] Validating input.

2018-08-14 02:15:52.834        --- [          Thread-186] Inserted new user with id=5b7273983af6b06985b62e93

2018-08-14 02:15:52.835        --- [          Thread-174] Starting user insert thread with name = Thread-190
2018-08-14 02:15:52.835  
      --- [          Thre2018-08-14 02:15:52.835        --- [ad-189] Validating input.
          Thread-187] Inserted new user with id=5b7273983af6b06985b62e94

2018-08-14 02:15:52.835        --- [2018-08-14 02:15:52.835            Thread-174] Starting user 2018-08-14 02:15:52.835  insert thread with name = Thread-191
      --- [          Thre

      --- [          Thread-184] Validating input.

2018-08-14 02:15:52.835        --- [          Thread-188] Inserted new user with id=5b7273983af6b06985b62e95

ad-190] Validating input.

2018-08-14 02:15:52.836        --- [          Thread-191] Validating input.

2018-08-14 02:15:52.835        --- [          Thread-174] Starting user insert thread with name = Thread-192

2018-08-14 02:15:52.836        --- [          Thread-174] Starting user insert thread with name = Thread-194

2018-08-14 02:15:52.836        --- [          Thread-192] Validating input.

2018-08-14 02:15:52.837        --- [          Thread-184] Inserted new user with id=5b7273983af6b06985b62e97

2018-08-14 02:15:52.837        --- [          Thread-190] Inserted new user with id=5b7273983af6b06985b62e98

2018-08-14 02:15:52.837        --- [          Thread-189] Inserted new user with id=5b7273983af6b06985b62e96

2018-08-14 02:15:52.837        --- [          Thread-174] Starting user insert thread with name = Thread-195

2018-08-14 02:15:52.837        --- [          Thread-194] Validating input.

2018-08-14 02:15:52.837        --- [          Thread-191] Inserted new user with id=5b7273983af6b06985b62e99

2018-08-14 02:15:52.837        --- [          Thread-174] Starting user insert thread with name = Thread-196

2018-08-14 02:15:52.838        --- [          Thread-195] Validating input.

2018-08-14 02:15:52.838        --- [          Thread-174] Starting user insert thread with name = Thread-197

2018-08-14 02:15:52.838        --- [          Thread-192] Inserted new user with id=5b7273983af6b06985b62e9a

2018-08-14 02:15:52.838        --- [          Thread-196] Validating input.

2018-08-14 02:15:52.838        --- [          Thread-174] Starting user insert thread with name = Thread-198
2018-08-14 02:15:52.838        --- [
          Thread-194] Inserted new user with id=5b7273983af6b06985b62e9b

2018-08-14 02:15:52.839        --- [          Thread-197] Validating input.

2018-08-14 02:15:52.839        --- [          Thread-195] Inserted new user with id=5b7273983af6b06985b62e9c

2018-08-14 02:15:52.839        --- [           Thread-29] Starting user insert thread with name = Thread-193
2018-08-14 02:15:52.839        --- [
          Thread-174] Starting user insert thread with name = Thread-199

2018-08-14 02:15:52.839        --- [          Thread-198] Validating input.

2018-08-14 02:15:52.840        --- [          Thread-199] Validating input.

2018-08-14 02:15:52.840        --- [          Thread-196] Inserted new user with id=5b7273983af6b06985b62e9d

2018-08-14 02:15:52.840        --- [          Thread-197] Inserted new user with id=5b7273983af6b06985b62e9e

2018-08-14 02:15:52.840        --- [          Thread-174] Starting user insert thread with name = Thread-200

2018-08-14 02:15:52.840        --- [          Thre2018-08-14 02:15:52.840        --- [ad-193] Validating input.

2018-08-14 02:15:52.841        --- [          Thread-200] Validating input.

2018-08-14 02:15:52.841        --- [          Thread-174] Starting user insert thread with name = Thread-201

          Thread-198] Inserted new user with id=5b7273983af6b06985b62e9f

2018-08-14 02:15:52.842        --- [          Thread-199] Inserted new user with id=5b7273983af6b06985b62ea0

2018-08-14 02:15:52.842        --- [          Thread-174] Starting user insert thread with name = Thread-202
2018-08-14 02:15:52.842  
      --- [          Thread-201] Validating input.

2018-08-14 02:15:52.842        --- [2018-08-14 02:15:52.842        --- [          Thread-200] Inserted new user with id=5b7273983af6b06985b62ea2

          Thread-193] Inserted new user with id=5b7273983af6b06985b62ea1

2018-08-14 02:15:52.843        --- [          Thread-202] Validating input.

2018-08-14 02:15:52.843        --- [          Thread-174] Starting user insert thread with name = Thread-203

2018-08-14 02:15:52.843        --- [          Thre2018-08-14 02:15:52.843        --- [ad-203] Validating input.
          Thread-174] Starting user 
insert thread with name = Thread-205

2018-08-14 02:15:52.844        --- [          Thread-201] Inserted new user with id=5b7273983af6b06985b62ea3
2018-08-14 02:15:52.844        --- [
          Thread-174] Starting user insert thread with name = Thread-206

2018-08-14 02:15:52.844        --- [          Thread-205] Validating input.

2018-08-14 02:15:52.844        --- [          Thread-202] Inserted new user with id=5b7273983af6b06985b62ea4

2018-08-14 02:15:52.844        --- [          Thread-206] Validating input.

2018-08-14 02:15:52.844        --- [          Thread-174] Starting user insert thread with name = Thread-207

2018-08-14 02:15:52.845        --- [          Thread-203] Inserted new user with id=5b7273983af6b06985b62ea5

2018-08-14 02:15:52.845        --- [          Thread-174] Starting user insert thread with name = Thread-208

2018-08-14 02:15:52.845        --- [          Thread-207] Validating input.

2018-08-14 02:15:52.846        --- [          Thread-205] Inserted new user with id=5b7273983af6b06985b62ea6

2018-08-14 02:15:52.846        --- [          Thread-208] Validating input.

2018-08-14 02:15:52.846        --- [          Thread-206] Inserted new user with id=5b7273983af6b06985b62ea7

2018-08-14 02:15:52.843        --- [           Thread-29] Starting user 2018-08-14 02:15:52.846        --- [insert thread with name = Thread-204
          Thread-174] Starting user 
insert thread with name = Thread-209

2018-08-14 02:15:52.846        --- [          Thread-207] Inserted new u2018-08-14 02:15:52.846  ser with id=5b7273983af6b06985b62ea8
2018-08-14 02:15:52.846        --- [
          Thread-174] Starting user       --- [          Threinsert thread with name = Thread-210

ad-209] Validating input.

2018-08-14 02:15:52.847        --- [          Thread-208] Inserted new user with id=5b7273983af6b06985b62ea9

2018-08-14 02:15:52.847        --- [          Thread-174] Starting user 2018-08-14 02:15:52.847  insert thread with name = Thread-211
      --- [          Thre
ad-210] Validating input.
2018-08-14 02:15:52.847  
      --- [          Thread-204] Validating input.

2018-08-14 02:15:52.848        --- [          Thread-174] Starting user insert thread with name = Thread-213

2018-08-14 02:15:52.848        --- [          Thread-211] Validating input.

2018-08-14 02:15:52.848        --- [          Thread-209] Inserted new user with id=5b7273983af6b06985b62eaa
2018-08-14 02:15:52.848        --- [
          Thread-174] Starting user insert thread with name = Thread-214
2018-08-14 02:15:52.849        --- [          Thread-210] Inserted new user with id=5b7273983af6b06985b62eab


2018-08-14 02:15:52.849        --- [          Thread-204] Inserted new user with id=5b7273983af6b06985b62eac

2018-08-14 02:15:52.848        --- [          Thread-213] Validating input.

2018-08-14 02:15:52.849        --- [          Thread-211] Inserted new user with id=5b7273983af6b06985b62ead

2018-08-14 02:15:52.850        --- [          Thread-174] Starting user insert thread with name = Thread-215

2018-08-14 02:15:52.850        --- [          Thread-214] Validating input.

2018-08-14 02:15:52.850        --- [          Thread-174] Starting user insert thread with name = Thread-216

2018-08-14 02:15:52.850        --- [          Thread-215] Validating input.

2018-08-14 02:15:52.851        --- [          Thread-213] Inserted new user with id=5b7273983af6b06985b62eae

2018-08-14 02:15:52.851        --- [          Thread-174] Starting user insert thread with name = Thread-217

2018-08-14 02:15:52.851        --- [          Thread-216] Validating input.

2018-08-14 02:15:52.851        --- [          Thread-217] Validating input.

2018-08-14 02:15:52.851        --- [          Thread-174] Starting user insert thread with name = Thread-218

2018-08-14 02:15:52.852        --- [          Thread-214] Inserted new user with id=5b7273983af6b06985b62eaf

2018-08-14 02:15:52.852        --- [          Thread-174] Starting user insert thread with name = Thread-219
2018-08-14 02:15:52.852        --- [
          Thread-215] Inserted new user with id=5b7273983af6b06985b62eb0
2018-08-14 02:15:52.852  
      --- [          Thre2018-08-14 02:15:52.852        --- [ad-218] Validating input.

2018-08-14 02:15:52.853        --- [2018-08-14 02:15:52.853            Thread-174] Starting user           Thread-216] Inserted new uinsert thread with name = Thread-220
      --- [          Thre
2018-08-14 02:15:52.852        --- [ser with id=5b7273983af6b06985b62eb2

          Thread-217] Inserted new uad-219] Validating input.

2018-08-14 02:15:52.853        --- [          Thread-174] Starting user ser with id=5b7273983af6b06985b62eb1

2018-08-14 02:15:52.853        --- [          Threinsert thread with name = Thread-221

ad-220] Validating input.

2018-08-14 02:15:52.854        --- [2018-08-14 02:15:52.854        --- [          Thread-218] Inserted new u          Thread-174] Starting user insert thread with name = Thread-222

ser with id=5b7273983af6b06985b62eb3
2018-08-14 02:15:52.854  
      --- [          Thread-221] Validating input.
2018-08-14 02:15:52.854        --- [2018-08-14 02:15:52.853        --- [
           Thread-29] Starting user 2018-08-14 02:15:52.854        --- [2018-08-14 02:15:52.854        --- [          Thre          Thread-174] Starting user ad-222] Validating input.
          Thread-219] Inserted new user with id=5b7273983af6b06985b62eb4

2018-08-14 02:15:52.854        --- [
insert thread with name = Thread-223

insert thread with name = Thread-212
2018-08-14 02:15:52.855        --- [2018-08-14 02:15:52.855            Thread-174] Starting user 
          Thread-220] Inserted new user with id=5b7273983af6b06985b62eb5

insert thread with name = Thread-224

      --- [          Thread-223] Validating input.

2018-08-14 02:15:52.855        --- [          Thread-221] Inserted new user with id=5b7273983af6b06985b62eb6

2018-08-14 02:15:52.856        --- [          Thread-224] Validating input.

2018-08-14 02:15:52.856        --- [          Thread-174] Starting user insert thread with name = Thread-225

2018-08-14 02:15:52.856        --- [          Thread-222] Inserted new user with id=5b7273983af6b06985b62eb7

2018-08-14 02:15:52.856        --- [          Thread-212] Validating input.

2018-08-14 02:15:52.856        --- [          Thread-174] Starting user insert thread with name = Thread-226

2018-08-14 02:15:52.856        --- [          Thread-225] Validating input.

2018-08-14 02:15:52.857        --- [          Thread-174] Starting user insert thread with name = Thread-227

2018-08-14 02:15:52.857        --- [          Thread-223] Inserted new user with id=5b7273983af6b06985b62eb8

2018-08-14 02:15:52.858        --- [          Thread-226] Validating input.

2018-08-14 02:15:52.858        --- [          Thread-225] Inserted new user with id=5b7273983af6b06985b62ebb

2018-08-14 02:15:52.858        --- [          Thread-174] Starting user insert thread with name = Thread-228
2018-08-14 02:15:52.858        --- [
2018-08-14 02:15:52.858        --- [          Thread-212] Inserted new u          Thread-224] Inserted new user with id=5b7273983af6b06985b62eba
ser with id=5b7273983af6b06985b62eb9

2018-08-14 02:15:52.859  
      --- [          Thread-227] Validating input.

2018-08-14 02:15:52.859  2018-08-14 02:15:52.859        --- [          Thread-174] Starting user       --- [          Threinsert thread with name = Thread-229
ad-228] Validating input.


2018-08-14 02:15:52.859        --- [2018-08-14 02:15:52.859        --- [          Thread-174] Starting user           Thread-226] Inserted new user with id=5b7273983af6b06985b62ebc

insert thread with name = Thread-230

2018-08-14 02:15:52.860        --- [          Thread-229] Validating input.

2018-08-14 02:15:52.860        --- [          Thread-174] Starting user insert thread with name = Thread-231

2018-08-14 02:15:52.860        --- [2018-08-14 02:15:52.860            Thread-227] Inserted new user with id=5b7273983af6b06985b62ebd

      --- [          Thre2018-08-14 02:15:52.860        --- [ad-230] Validating input.
2018-08-14 02:15:52.860        --- [
          Thread-228] Inserted new u2018-08-14 02:15:52.860  ser with id=5b7273983af6b06985b62ebe
      --- [          Thre          Thread-174] Starting user ad-231] Validating input.


insert thread with name = Thread-232

2018-08-14 02:15:52.861        --- [          Thread-229] Inserted new user with id=5b7273983af6b06985b62ebf

2018-08-14 02:15:52.861        --- [          Thread-174] Starting user insert thread with name = Thread-234

2018-08-14 02:15:52.861        --- [          Thread-232] Validating input.

2018-08-14 02:15:52.862        --- [          Thread-174] Starting user insert thread with name = Thread-235

2018-08-14 02:15:52.862        --- [          Thread-234] Validating input.

2018-08-14 02:15:52.862        --- [          Thread-230] Inserted new user with id=5b7273983af6b06985b62ec0

2018-08-14 02:15:52.862        --- [          Thread-231] Inserted new user with id=5b7273983af6b06985b62ec1

2018-08-14 02:15:52.863        --- [          Thread-174] Starting user 2018-08-14 02:15:52.863  insert thread with name = Thread-236

2018-08-14 02:15:52.861        --- [2018-08-14 02:15:52.863        --- [          Thread-232] Inserted new u2018-08-14 02:15:52.863  2018-08-14 02:15:52.863        --- [      --- [          Thre      --- [          Thread-236] Validating input.

2018-08-14 02:15:52.863        --- [          Thread-234] Inserted new user with id=5b7273983af6b06985b62ec3

           Thread-29] Starting user           Thread-174] Starting user ser with id=5b7273983af6b06985b62ec2
insert thread with name = Thread-237

ad-235] Validating input.

insert thread with name = Thread-233


2018-08-14 02:15:52.864        --- [          Thread-237] Validating input.
2018-08-14 02:15:52.864        --- [
2018-08-14 02:15:52.864        --- [          Thread-236] Inserted new user with id=5b7273983af6b06985b62ec4

2018-08-14 02:15:52.865        --- [          Thread-235] Inserted new user with id=5b7273983af6b06985b62ec5

2018-08-14 02:15:52.865        --- [          Thread-237] Inserted new user with id=5b7273983af6b06985b62ec6

2018-08-14 02:15:52.865        --- [          Thread-174] Starting user insert thread with name = Thread-238
           Thread-29] Starting user 2018-08-14 02:15:52.864  insert thread with name = Thread-239
      --- [          Thre
ad-233] Validating input.


2018-08-14 02:15:52.866        --- [          Thread-238] Validating input.

2018-08-14 02:15:52.866        --- [          Thread-174] Starting user insert thread with name = Thread-240

2018-08-14 02:15:52.867  2018-08-14 02:15:52.867        --- [      --- [          Thread-240] Validating input.

2018-08-14 02:15:52.867        --- [          Thread-233] Inserted new user with id=5b7273983af6b06985b62ec7

          Thread-174] Starting user 2018-08-14 02:15:52.867  insert thread with name = Thread-241
      --- [          Thread-239] Validating input.


2018-08-14 02:15:52.867        --- [          Thread-238] Inserted new user with id=5b7273983af6b06985b62ec8

2018-08-14 02:15:52.867        --- [2018-08-14 02:15:52.868        --- [2018-08-14 02:15:52.868            Thread-174] Starting user 2018-08-14 02:15:52.868        --- [insert thread with name = Thread-243

           Thread-29] Starting user       --- [          Thre          Thread-240] Inserted new uad-241] Validating input.
ser with id=5b7273983af6b06985b62ec9


2018-08-14 02:15:52.868        --- [2018-08-14 02:15:52.868            Thread-239] Inserted new uinsert thread with name = Thread-242
ser with id=5b7273983af6b06985b62eca
2018-08-14 02:15:52.868        --- [
      --- [          Thread-243] Validating input.
          Thread-174] Starting user insert thread with name = Thread-244



2018-08-14 02:15:52.869        --- [          Thread-244] Validating input.

2018-08-14 02:15:52.869        --- [          Thread-241] Inserted new user with id=5b7273983af6b06985b62ecb

2018-08-14 02:15:52.869        --- [2018-08-14 02:15:52.869            Thread-174] Starting user       --- [          Thread-242] Validating input.

2018-08-14 02:15:52.870        --- [           Thread-29] Starting user insert thread with name = Thread-246

2018-08-14 02:15:52.870        --- [          Thread-243] Inserted new user with id=5b7273983af6b06985b62ecc

2018-08-14 02:15:52.870        --- [2018-08-14 02:15:52.870            Thread-244] Inserted new user with id=5b7273983af6b06985b62ecd
insert thread with name = Thread-245

2018-08-14 02:15:52.871        --- [          Thre2018-08-14 02:15:52.871        --- [ad-245] Validating input.
          Thread-242] Inserted new user with id=5b7273983af6b06985b62ece

2018-08-14 02:15:52.870        --- [           Thread-29] Starting user 
2018-08-14 02:15:52.871        --- [          Thread-174] Starting user insert thread with name = Thread-247


      --- [          Thread-246] Validating input.

2018-08-14 02:15:52.871        --- [2018-08-14 02:15:52.871             Thread-29] Starting user insert thread with name = Thread-248
insert thread with name = Thread-249


      --- [          Thread-247] Validating input.

2018-08-14 02:15:52.872        --- [          Thread-248] Validating input.

2018-08-14 02:15:52.872        --- [2018-08-14 02:15:52.872        --- [          Thread-246] Inserted new u2018-08-14 02:15:52.872        --- [ser with id=5b7273983af6b06985b62ecf
          Thread-245] Inserted new u          Thread-247] Inserted new user with id=5b7273983af6b06985b62ed0
ser with id=5b7273983af6b06985b62ed1



2018-08-14 02:15:52.873        --- [          Thread-248] Inserted new user with id=5b7273983af6b06985b62ed2
2018-08-14 02:15:52.873        --- [
          Thread-174] Starting user insert thread with name = Thread-250

2018-08-14 02:15:52.873        --- [           Thread-29] Starting user 2018-08-14 02:15:52.874  insert thread with name = Thread-251
      --- [          Thread-249] Validating input.

2018-08-14 02:15:52.874        --- [          Thread-174] Starting user insert thread with name = Thread-252

2018-08-14 02:15:52.874  
      --- [          Thread-250] Validating input.

2018-08-14 02:15:52.874        --- [          Thread-252] Validating input.

2018-08-14 02:15:52.874        --- [          Thread-174] Starting user insert thread with name = Thread-253

2018-08-14 02:15:52.875        --- [          Thread-253] Validating input.

2018-08-14 02:15:52.875        --- [          Thread-249] Inserted new user with id=5b7273983af6b06985b62ed3

2018-08-14 02:15:52.875        --- [          Thread-250] Inserted new user with id=5b7273983af6b06985b62ed4

2018-08-14 02:15:52.875        --- [          Thread-251] Validating input.

2018-08-14 02:15:52.875        --- [          Thread-174] Starting user 2018-08-14 02:15:52.875        --- [insert thread with name = Thread-254
          Thread-252] Inserted new u
ser with id=5b7273983af6b06985b62ed5

2018-08-14 02:15:52.876        --- [           Thread-29] Starting user insert thread with name = Thread-255

2018-08-14 02:15:52.876        --- [          Thread-253] Inserted new user with id=5b7273983af6b06985b62ed6

2018-08-14 02:15:52.876        --- [          Thread-254] Validating input.

2018-08-14 02:15:52.876        --- [          Thread-255] Validating input.

2018-08-14 02:15:52.876        --- [          Thread-174] Starting user insert thread with name = Thread-257

2018-08-14 02:15:52.877        --- [          Thread-251] Inserted new user with id=5b7273983af6b06985b62ed7

2018-08-14 02:15:52.877        --- [          Thread-257] Validating input.

2018-08-14 02:15:52.877        --- [          Thread-174] Starting user insert thread with name = Thread-258

2018-08-14 02:15:52.877        --- [          Thread-254] Inserted new user with id=5b7273983af6b06985b62ed8

2018-08-14 02:15:52.877        --- [          Thread-255] Inserted new user with id=5b7273983af6b06985b62ed9

2018-08-14 02:15:52.878        --- [          Thread-258] Validating input.

2018-08-14 02:15:52.878        --- [          Thread-257] Inserted new user with id=5b7273983af6b06985b62eda
2018-08-14 02:15:52.876        --- [
           Thread-29] Starting user 2018-08-14 02:15:52.878        --- [insert thread with name = Thread-256
          Thread-174] Starting user insert thread with name = Thread-259


2018-08-14 02:15:52.879        --- [          Thread-259] Validating input.
2018-08-14 02:15:52.879        --- [
2018-08-14 02:15:52.879        --- [          Thread-256] Validating input.

2018-08-14 02:15:52.879        --- [          Thread-258] Inserted new user with id=5b7273983af6b06985b62edb

          Thread-174] Starting user insert thread with name = Thread-260

2018-08-14 02:15:52.879        --- [          Thread-260] Validating input.

2018-08-14 02:15:52.879        --- [           Thread-29] Starting user insert thread with name = Thread-261

2018-08-14 02:15:52.880        --- [2018-08-14 02:15:52.880        --- [          Thread-256] Inserted new u2018-08-14 02:15:52.879        --- [ser with id=5b7273983af6b06985b62edd

2018-08-14 02:15:52.880            Thread-259] Inserted new u      --- [          Threser with id=5b7273983af6b06985b62edc
          Thread-174] Starting user ad-261] Validating input.


insert thread with name = Thread-262

2018-08-14 02:15:52.881        --- [          Thread-260] Inserted new user with id=5b7273983af6b06985b62ede

2018-08-14 02:15:52.881        --- [          Thread-262] Validating input.

2018-08-14 02:15:52.882        --- [          Thread-261] Inserted new user with id=5b7273983af6b06985b62edf
2018-08-14 02:15:52.882        --- [
2018-08-14 02:15:52.880        --- [           Thread-29] Starting user insert thread with name = Thread-263

2018-08-14 02:15:52.882        --- [          Thread-262] Inserted new user with id=5b7273983af6b06985b62ee0

          Thread-174] Starting user insert thread with name = Thread-264

2018-08-14 02:15:52.882        --- [          Thread-263] Validating input.

2018-08-14 02:15:52.883  2018-08-14 02:15:52.883        --- [      --- [          Thread-264] Validating input.

2018-08-14 02:15:52.883        --- [           Thread-29] Starting user insert thread with name = Thread-265

          Thread-174] Starting user insert thread with name = Thread-266
2018-08-14 02:15:52.883  
2018-08-14 02:15:52.883        --- [      --- [          Thread-265] Validating input.

2018-08-14 02:15:52.884        --- [          Thread-266] Validating input.

2018-08-14 02:15:52.884        --- [2018-08-14 02:15:52.884        --- [          Thread-264] Inserted new u          Thread-263] Inserted new user with id=5b7273983af6b06985b62ee2
ser with id=5b7273983af6b06985b62ee1


           Thread-29] Starting user insert thread with name = Thread-267

2018-08-14 02:15:52.884        --- [          Thread-174] Starting user insert thread with name = Thread-268

2018-08-14 02:15:52.884        --- [          Thread-267] Validating input.

2018-08-14 02:15:52.885        --- [2018-08-14 02:15:52.885        --- [          Thread-265] Inserted new u          Thread-266] Inserted new user with id=5b7273983af6b06985b62ee4

ser with id=5b7273983af6b06985b62ee3

2018-08-14 02:15:52.885        --- [           Thread-29] Starting user insert thread with name = Thread-269
2018-08-14 02:15:52.885        --- [
2018-08-14 02:15:52.885        --- [          Thread-268] Validating input.
          Thread-174] Starting user 
2018-08-14 02:15:52.885  2018-08-14 02:15:52.885        --- [      --- [          Thre           Thread-29] Starting user insert thread with name = Thread-271

2018-08-14 02:15:52.886        --- [          Thread-267] Inserted new user with id=5b7273983af6b06985b62ee5

2018-08-14 02:15:52.886        --- [          Thread-271] Validating input.

ad-269] Validating input.

2018-08-14 02:15:52.886        --- [           Thread-29] Starting user insert thread with name = Thread-272

2018-08-14 02:15:52.886        --- [          Thread-268] Inserted new user with id=5b7273983af6b06985b62ee6

2018-08-14 02:15:52.886        --- [          Thread-272] Validating input.

2018-08-14 02:15:52.887        --- [           Thread-29] Starting user insert thread with name = Thread-273

2018-08-14 02:15:52.887        --- [          Thread-271] Inserted new user with id=5b7273983af6b06985b62ee7

2018-08-14 02:15:52.887        --- [          Thread-273] Validating input.
insert thread with name = Thread-270


2018-08-14 02:15:52.887        --- [          Thread-269] Inserted new user with id=5b7273983af6b06985b62ee8

2018-08-14 02:15:52.887        --- [          Thread-174] Starting user 2018-08-14 02:15:52.887  insert thread with name = Thread-275
      --- [          Thre2018-08-14 02:15:52.888        --- [
          Thread-272] Inserted new uad-270] Validating input.

2018-08-14 02:15:52.887        --- [           Thread-29] Starting user insert thread with name = Thread-274

2018-08-14 02:15:52.888        --- [2018-08-14 02:15:52.888             Thread-29] Starting user       --- [          Thre2018-08-14 02:15:52.888        --- [ad-274] Validating input.
          Thread-273] Inserted new u
ser with id=5b7273983af6b06985b62eea

2018-08-14 02:15:52.890        --- [          Thread-270] Inserted new user with id=5b7273983af6b06985b62eeb

2018-08-14 02:15:52.890        --- [          Thread-275] Validating input.

2018-08-14 02:15:52.890        --- [          Thread-274] Inserted new user with id=5b7273983af6b06985b62eec

2018-08-14 02:15:52.890        --- [          Thread-174] Starting user insert thread with name = Thread-277

ser with id=5b7273983af6b06985b62ee9
insert thread with name = Thread-276


2018-08-14 02:15:52.891        --- [          Thread-277] Validating input.

2018-08-14 02:15:52.891        --- [          Thread-276] Validating input.

2018-08-14 02:15:52.891        --- [           Thread-29] Starting user insert thread with name = Thread-279

2018-08-14 02:15:52.891        --- [          Thread-275] Inserted new user with id=5b7273983af6b06985b62eed

2018-08-14 02:15:52.891        --- [          Thread-279] Validating input.

2018-08-14 02:15:52.891        --- [          Thread-174] Starting user insert thread with name = Thread-278

2018-08-14 02:15:52.892        --- [2018-08-14 02:15:52.892        --- [          Thread-276] Inserted new user with id=5b7273983af6b06985b62eef

          Thread-277] Inserted new user with id=5b7273983af6b06985b62eee

2018-08-14 02:15:52.921        --- [          Thread-278] Validating input.

2018-08-14 02:15:52.922        --- [          Thread-174] Starting user insert thread with name = Thread-281

2018-08-14 02:15:52.922        --- [2018-08-14 02:15:52.892        --- [2018-08-14 02:15:52.922             Thread-29] Starting user 2018-08-14 02:15:52.923        --- [          Thread-174] Starting user insert thread with name = Thread-280
insert thread with name = Thread-282

          Thread-278] Inserted new u      --- [          Threser with id=5b7273983af6b06985b62ef1
ad-281] Validating input.



2018-08-14 02:15:52.924  2018-08-14 02:15:52.924        --- [      --- [          Thread-280] Validating input.

2018-08-14 02:15:52.924        --- [          Thread-279] Inserted new user with id=5b7273983af6b06985b62ef0

2018-08-14 02:15:52.924  2018-08-14 02:15:52.924        --- [      --- [          Thread-282] Validating input.

           Thread-29] Starting user insert thread with name = Thread-283
2018-08-14 02:15:52.924        --- [          Thread-281] Inserted new user with id=5b7273983af6b06985b62ef2


2018-08-14 02:15:52.925        --- [          Thread-280] Inserted new user with id=5b7273983af6b06985b62ef3

2018-08-14 02:15:52.925  2018-08-14 02:15:52.925        --- [      --- [          Thread-283] Validating input.

2018-08-14 02:15:52.925        --- [          Thread-282] Inserted new user with id=5b7273983af6b06985b62ef4

          Thread-174] Starting user insert thread with name = Thread-284

           Thread-29] Starting user insert thread with name = Thread-285

2018-08-14 02:15:52.926        --- [          Thread-284] Validating input.

2018-08-14 02:15:52.926        --- [          Thread-285] Validating input.
2018-08-14 02:15:52.926        --- [
           Thread-29] Starting user insert thread with name = Thread-286

2018-08-14 02:15:52.926        --- [          Thread-283] Inserted new user with id=5b7273983af6b06985b62ef5

2018-08-14 02:15:52.927        --- [          Thread-286] Validating input.
2018-08-14 02:15:52.927        --- [
2018-08-14 02:15:52.927        --- [          Thread-285] Inserted new u          Thread-284] Inserted new user with id=5b7273983af6b06985b62ef7

ser with id=5b7273983af6b06985b62ef6

2018-08-14 02:15:52.927        --- [          Thread-174] Starting user insert thread with name = Thread-287

2018-08-14 02:15:52.928        --- [          Thread-287] Validating input.

2018-08-14 02:15:52.928        --- [          Thread-286] Inserted new user with id=5b7273983af6b06985b62ef8

2018-08-14 02:15:52.929        --- [          Thread-174] Starting user insert thread with name = Thread-289

2018-08-14 02:15:52.927        --- [           Thread-29] Starting user insert thread with name = Thread-288

2018-08-14 02:15:52.929        --- [          Thread-289] Validating input.

2018-08-14 02:15:52.929        --- [          Thread-288] Validating input.

2018-08-14 02:15:52.930        --- [          Thread-287] Inserted new user with id=5b7273983af6b06985b62ef9

2018-08-14 02:15:52.929        --- [          Thread-174] Starting user insert thread with name = Thread-291

2018-08-14 02:15:52.930        --- [2018-08-14 02:15:52.930        --- [          Thread-289] Inserted new u          Thread-288] Inserted new user with id=5b7273983af6b06985b62efa
2018-08-14 02:15:52.930        --- [          Thre
ser with id=5b7273983af6b06985b62efb
ad-291] Validating input.


2018-08-14 02:15:52.931        --- [           Thread-29] Starting user insert thread with name = Thread-290

2018-08-14 02:15:52.931        --- [          Thread-174] Starting user insert thread with name = Thread-292

2018-08-14 02:15:52.931        --- [           Thread-29] Starting user 2018-08-14 02:15:52.931        --- [          Thread-290] Validating input.

2018-08-14 02:15:52.931        --- [          Thread-292] Validating input.

2018-08-14 02:15:52.932        --- [2018-08-14 02:15:52.932        --- [          Thread-291] Inserted new user with id=5b7273983af6b06985b62efc

          Thread-290] Inserted new user with id=5b7273983af6b06985b62efd

2018-08-14 02:15:52.932        --- [          Thread-174] Starting user insert thread with name = Thread-294

2018-08-14 02:15:52.933        --- [insert thread with name = Thread-293
          Thread-292] Inserted new u
ser with id=5b7273983af6b06985b62efe
2018-08-14 02:15:52.933  
      --- [          Thread-294] Validating input.

2018-08-14 02:15:52.933        --- [          Thread-174] Starting user insert thread with name = Thread-295

2018-08-14 02:15:52.934        --- [2018-08-14 02:15:52.934            Thread-174] Starting user       --- [          Thread-295] Validating input.

insert thread with name = Thread-296

2018-08-14 02:15:52.934        --- [          Thread-296] Validating input.

2018-08-14 02:15:52.934        --- [          Thread-294] Inserted new user with id=5b7273983af6b06985b62eff

2018-08-14 02:15:52.935        --- [          Thread-174] Starting user insert thread with name = Thread-297

2018-08-14 02:15:52.935        --- [          Thread-295] Inserted new user with id=5b7273983af6b06985b62f00

2018-08-14 02:15:52.935        --- [          Thread-293] Validating input.

2018-08-14 02:15:52.935        --- [          Thread-296] Inserted new user with id=5b7273983af6b06985b62f01
2018-08-14 02:15:52.935  
      --- [          Thread-297] Validating input.

2018-08-14 02:15:52.936        --- [          Thread-174] Starting user insert thread with name = Thread-299

2018-08-14 02:15:52.936        --- [          Thread-299] Validating input.

2018-08-14 02:15:52.937        --- [          Thread-293] Inserted new u2018-08-14 02:15:52.937        --- [ser with id=5b7273983af6b06985b62f02
          Thread-297] Inserted new u
ser with id=5b7273983af6b06985b62f03

2018-08-14 02:15:52.936        --- [          Thread-174] Starting user insert thread with name = Thread-300

2018-08-14 02:15:52.937        --- [           Thread-29] Starting user insert thread with name = Thread-298

2018-08-14 02:15:52.937        --- [          Thread-300] Validating input.

2018-08-14 02:15:52.937        --- [          Thread-299] Inserted new user with id=5b7273983af6b06985b62f04

2018-08-14 02:15:52.937        --- [          Thread-298] Validating input.

2018-08-14 02:15:52.938        --- [          Thread-174] Starting user insert thread with name = Thread-301

2018-08-14 02:15:52.938  2018-08-14 02:15:52.938        --- [      --- [          Thre2018-08-14 02:15:52.938        --- [ad-301] Validating input.

          Thread-174] Starting user insert thread with name = Thread-303

2018-08-14 02:15:52.938        --- [2018-08-14 02:15:52.938            Thread-298] Inserted new u      --- [          Thread-303] Validating input.

2018-08-14 02:15:52.939        --- [          Thread-174] Starting user insert thread with name = Thread-304

2018-08-14 02:15:52.939        --- [          Thread-304] Validating input.

2018-08-14 02:15:52.939        --- [          Thread-301] Inserted new user with id=5b7273983af6b06985b62f07

           Thread-29] Starting user ser with id=5b7273983af6b06985b62f06
insert thread with name = Thread-302
2018-08-14 02:15:52.938        --- [
          Thread-300] Inserted new user with id=5b7273983af6b06985b62f05

2018-08-14 02:15:52.940        --- [          Thread-174] Starting user 2018-08-14 02:15:52.940        --- [insert thread with name = Thread-305

          Thread-303] Inserted new user with id=5b7273983af6b06985b62f08


2018-08-14 02:15:52.940        --- [          Thread-302] Validating input.

2018-08-14 02:15:52.941        --- [          Thread-304] Inserted new user with id=5b7273983af6b06985b62f09

2018-08-14 02:15:52.941        --- [          Thread-305] Validating input.

2018-08-14 02:15:52.941        --- [          Thread-174] Starting user insert thread with name = Thread-307

2018-08-14 02:15:52.942        --- [2018-08-14 02:15:52.942        --- [          Thread-302] Inserted new user with id=5b7273983af6b06985b62f0a

2018-08-14 02:15:52.942        --- [          Thread-305] Inserted new user with id=5b7273983af6b06985b62f0b

2018-08-14 02:15:52.942        --- [          Thre           Thread-29] Starting user ad-307] Validating input.
2018-08-14 02:15:52.942        --- [insert thread with name = Thread-306


          Thread-174] Starting user insert thread with name = Thread-308

2018-08-14 02:15:52.943  2018-08-14 02:15:52.943        --- [2018-08-14 02:15:52.943             Thread-29] Starting user       --- [          Thre      --- [          Thread-306] Validating input.

2018-08-14 02:15:52.943        --- [          Thread-174] Starting user insert thread with name = Thread-309

ad-308] Validating input.

2018-08-14 02:15:52.943        --- [          Thread-309] Validating input.
insert thread with name = Thread-310

2018-08-14 02:15:52.944        --- [           Thread-29] Starting user insert thread with name = Thread-311

2018-08-14 02:15:52.944        --- [          Thread-306] Inserted new u2018-08-14 02:15:52.944  ser with id=5b7273983af6b06985b62f0d

2018-08-14 02:15:52.943        --- [          Thread-307] Inserted new u      --- [          Thre2018-08-14 02:15:52.944        --- [ad-311] Validating input.
          Thread-308] Inserted new u
ser with id=5b7273983af6b06985b62f0c


2018-08-14 02:15:52.944        --- [ser with id=5b7273983af6b06985b62f0e
          Thread-309] Inserted new u
2018-08-14 02:15:52.944        --- [           Thread-29] Starting user ser with id=5b7273983af6b06985b62f0f

insert thread with name = Thread-312

2018-08-14 02:15:52.945  2018-08-14 02:15:52.945        --- [          Thre      --- [          Thread-310] Validating input.
ad-312] Validating input.
2018-08-14 02:15:52.945        --- [          Thread-174] Starting user 
2018-08-14 02:15:52.945        --- [           Thread-29] Starting user insert thread with name = Thread-314


2018-08-14 02:15:52.946        --- [          Thread-311] Inserted new user with id=5b7273983af6b06985b62f10

2018-08-14 02:15:52.946        --- [          Thread-314] Validating input.

2018-08-14 02:15:52.946        --- [           Thread-29] Starting user insert thread with name = Thread-315

2018-08-14 02:15:52.946  insert thread with name = Thread-313
      --- [          Thre
2018-08-14 02:15:52.946        --- [          Thread-312] Inserted new uad-315] Validating input.

ser with id=5b7273983af6b06985b62f11
2018-08-14 02:15:52.946        --- [          Thread-310] Inserted new user with id=5b7273983af6b06985b62f12


2018-08-14 02:15:52.947        --- [2018-08-14 02:15:52.947  2018-08-14 02:15:52.947        --- [          Thread-174] Starting user           Thread-314] Inserted new uinsert thread with name = Thread-316
      --- [          Thread-313] Validating input.

2018-08-14 02:15:52.947        --- [           Thread-29] Starting user insert thread with name = Thread-317

2018-08-14 02:15:52.948        --- [          Thread-317] Validating input.
2018-08-14 02:15:52.948        --- [
2018-08-14 02:15:52.948        --- [           Thread-29] Starting user insert thread with name = Thread-318


ser with id=5b7273983af6b06985b62f13

          Thread-315] Inserted new user with id=5b7273983af6b06985b62f14

2018-08-14 02:15:52.948        --- [          Thread-318] Validating input.

2018-08-14 02:15:52.948        --- [          Thread-313] Inserted new user with id=5b7273983af6b06985b62f15

2018-08-14 02:15:52.948        --- [           Thread-29] Starting user insert thread with name = Thread-319

2018-08-14 02:15:52.949        --- [          Thread-316] Validating input.

2018-08-14 02:15:52.949        --- [          Thread-317] Inserted new user with id=5b7273983af6b06985b62f16

2018-08-14 02:15:52.949        --- [          Thread-319] Validating input.

2018-08-14 02:15:52.949        --- [           Thread-29] Starting user insert thread with name = Thread-320

2018-08-14 02:15:52.950        --- [          Thread-318] Inserted new user with id=5b7273983af6b06985b62f17

2018-08-14 02:15:52.950        --- [          Thread-320] Validating input.

2018-08-14 02:15:52.950        --- [          Thread-316] Inserted new user with id=5b7273983af6b06985b62f18
2018-08-14 02:15:52.950        --- [
2018-08-14 02:15:52.950        --- [           Thread-29] Starting user           Thread-319] Inserted new user with id=5b7273983af6b06985b62f19
insert thread with name = Thread-321


2018-08-14 02:15:52.951        --- [           Thread-29] Starting user 2018-08-14 02:15:52.951  insert thread with name = Thread-322
      --- [          Thread-321] Validating input.

2018-08-14 02:15:52.951        --- [          Thread-320] Inserted new user with id=5b7273983af6b06985b62f1a


2018-08-14 02:15:52.951  2018-08-14 02:15:52.951        --- [      --- [          Thread-322] Validating input.

2018-08-14 02:15:52.952        --- [          Thread-321] Inserted new user with id=5b7273983af6b06985b62f1b

           Thread-29] Starting user insert thread with name = Thread-323

2018-08-14 02:15:52.952        --- [           Thread-29] Starting user 2018-08-14 02:15:52.952  insert thread with name = Thread-324
      --- [          Thread-323] Validating input.

2018-08-14 02:15:52.952        --- [          Thread-322] Inserted new user with id=5b7273983af6b06985b62f1c


2018-08-14 02:15:52.953        --- [          Thread-324] Validating input.

2018-08-14 02:15:52.953        --- [           Thread-29] Starting user insert thread with name = Thread-325

2018-08-14 02:15:52.953        --- [          Thread-323] Inserted new user with id=5b7273983af6b06985b62f1d

2018-08-14 02:15:52.953        --- [          Thread-325] Validating input.

2018-08-14 02:15:52.954        --- [           Thread-29] Starting user insert thread with name = Thread-326

2018-08-14 02:15:52.954        --- [          Thread-326] Validating input.

2018-08-14 02:15:52.954        --- [          Thread-324] Inserted new user with id=5b7273983af6b06985b62f1e

2018-08-14 02:15:52.954        --- [           Thread-29] Starting user insert thread with name = Thread-327

2018-08-14 02:15:52.955        --- [          Thre2018-08-14 02:15:52.955        --- [ad-327] Validating input.
          Thread-325] Inserted new user with id=5b7273983af6b06985b62f1f


2018-08-14 02:15:52.955        --- [           Thread-29] Starting user insert thread with name = Thread-328

2018-08-14 02:15:52.955        --- [          Thread-326] Inserted new user with id=5b7273983af6b06985b62f20

2018-08-14 02:15:52.955        --- [          Thre2018-08-14 02:15:52.955        --- [ad-328] Validating input.
           Thread-29] Starting user 
insert thread with name = Thread-329

2018-08-14 02:15:52.956  2018-08-14 02:15:52.956        --- [      --- [          Thre           Thread-29] Starting user ad-329] Validating input.

insert thread with name = Thread-330

2018-08-14 02:15:52.956        --- [          Thread-330] Validating input.

2018-08-14 02:15:52.956        --- [          Thread-327] Inserted new user with id=5b7273983af6b06985b62f21

2018-08-14 02:15:52.957        --- [          Thread-328] Inserted new user with id=5b7273983af6b06985b62f22

2018-08-14 02:15:52.958        --- [           Thread-29] Starting user insert thread with name = Thread-331

2018-08-14 02:15:52.958        --- [          Thread-330] Inserted new user with id=5b7273983af6b06985b62f24

2018-08-14 02:15:52.958        --- [          Thread-331] Validating input.

2018-08-14 02:15:52.959        --- [          Thread-329] Inserted new user with id=5b7273983af6b06985b62f23

2018-08-14 02:15:52.960        --- [          Thread-331] Inserted new user with id=5b7273983af6b06985b62f25

